<?xml version="1.0" encoding="UTF-8"?>
<!-- Generated by org.testng.reporters.JUnitReportReporter -->
<testsuite skipped="0" hostname="LAPTOP-CNI1RUUB" name="org.wf.rest.restTestFrm.AppTest" tests="1" failures="0" timestamp="2020-08-28T14:27:58 IST" time="0.009" errors="0">
  <testcase name="shouldAnswerWithTrue" time="0.009" classname="org.wf.rest.restTestFrm.AppTest"/>
  <system-out/>
</testsuite> <!-- org.wf.rest.restTestFrm.AppTest -->
